 demo                      SWIFT 2025-03-24        MODULAR Rev 2025.61.0.2.10-145-g4b862ea                
               flow            sediment        organic_n       organic_p       nitrate_no3     soluble_minp    bedload         null           
               m^3             tons            kg              kg              kg              kg              tons            null           
          ihru:                1          name: hru0001                area_ha:        1.005            precip:        952.6               lum: cosy_lum                   hsg: B                    surf_stor:                n            dr:                n
  TOTAL        300.6192      4.3941215E-03  3.6314804E-02  4.8099081E-03  1.2024769E-04  9.0185778E-05  0.0000000E+00  0.0000000E+00
  PERCO       0.0000000E+00  0.0000000E+00  0.0000000E+00  0.0000000E+00  0.0000000E+00  0.0000000E+00  0.0000000E+00  0.0000000E+00
  SURFACE      300.6192      4.3968270E-03  3.6344863E-02  4.8099081E-03  9.0185778E-05  9.0185778E-05  0.0000000E+00  0.0000000E+00
  LATERAL     0.0000000E+00  0.0000000E+00  0.0000000E+00  0.0000000E+00  0.0000000E+00  0.0000000E+00  0.0000000E+00  0.0000000E+00
  TILE        0.0000000E+00  0.0000000E+00  0.0000000E+00  0.0000000E+00  0.0000000E+00  0.0000000E+00  0.0000000E+00  0.0000000E+00
          ihru:                2          name: hru0002                area_ha:        1.005            precip:        952.6               lum: cosy_lum                   hsg: B                    surf_stor:                n            dr:                n
  TOTAL        243.1761      4.2308499E-03  4.1558787E-02  3.8421815E-03  2.1885845E-04  7.2952818E-05  0.0000000E+00  0.0000000E+00
  PERCO       0.0000000E+00  0.0000000E+00  0.0000000E+00  0.0000000E+00  0.0000000E+00  0.0000000E+00  0.0000000E+00  0.0000000E+00
  SURFACE      242.2187      4.2262315E-03  4.1492060E-02  3.8512773E-03  4.8443737E-05  7.2665607E-05  0.0000000E+00  0.0000000E+00
  LATERAL     0.9573860      0.0000000E+00  0.0000000E+00  0.0000000E+00  2.2278372E-04  0.0000000E+00  0.0000000E+00  0.0000000E+00
  TILE        0.0000000E+00  0.0000000E+00  0.0000000E+00  0.0000000E+00  0.0000000E+00  0.0000000E+00  0.0000000E+00  0.0000000E+00
          ihru:                3          name: hru0003                area_ha:        1.005            precip:        952.6               lum: cosy_lum                   hsg: B                    surf_stor:                n            dr:                n
  TOTAL        330.2982      1.5197350E-03  1.1031959E-02  2.8075348E-03  1.3377076E-02  9.9089455E-05  0.0000000E+00  0.0000000E+00
  PERCO       0.0000000E+00  0.0000000E+00  0.0000000E+00  0.0000000E+00  0.0000000E+00  0.0000000E+00  0.0000000E+00  0.0000000E+00
  SURFACE      330.2982      1.5209571E-03  1.1031959E-02  2.8075348E-03  1.3211927E-04  9.9089455E-05  0.0000000E+00  0.0000000E+00
  LATERAL     0.0000000E+00  0.0000000E+00  0.0000000E+00  0.0000000E+00  0.0000000E+00  0.0000000E+00  0.0000000E+00  0.0000000E+00
  TILE        0.0000000E+00  0.0000000E+00  0.0000000E+00  0.0000000E+00  0.0000000E+00  0.0000000E+00  0.0000000E+00  0.0000000E+00
          ihru:                4          name: hru0004                area_ha:        1.005            precip:        952.6               lum: cosy_lum                   hsg: B                    surf_stor:                n            dr:                n
  TOTAL        326.4687      1.4842245E-03  1.1785518E-02  2.8076305E-03  1.7498720E-02  9.7940603E-05  0.0000000E+00  0.0000000E+00
  PERCO       0.0000000E+00  0.0000000E+00  0.0000000E+00  0.0000000E+00  0.0000000E+00  0.0000000E+00  0.0000000E+00  0.0000000E+00
  SURFACE      325.5113      1.4807184E-03  1.1750958E-02  2.7993973E-03  9.7653392E-05  9.7653392E-05  0.0000000E+00  0.0000000E+00
  LATERAL     0.0000000E+00  0.0000000E+00  0.0000000E+00  0.0000000E+00  0.0000000E+00  0.0000000E+00  0.0000000E+00  0.0000000E+00
  TILE        0.0000000E+00  0.0000000E+00  0.0000000E+00  0.0000000E+00  0.0000000E+00  0.0000000E+00  0.0000000E+00  0.0000000E+00
          ihru:                5          name: hru0005                area_ha:        1.005            precip:        952.6               lum: cosy_lum                   hsg: B                    surf_stor:                n            dr:                n
  TOTAL        333.1703      1.2532203E-03  8.8623315E-03  2.5654116E-03  1.8890759E-02  9.9951110E-05  0.0000000E+00  0.0000000E+00
  PERCO       0.0000000E+00  0.0000000E+00  0.0000000E+00  0.0000000E+00  0.0000000E+00  0.0000000E+00  0.0000000E+00  0.0000000E+00
  SURFACE      333.1703      1.2542531E-03  8.8956477E-03  2.5654116E-03  1.3326813E-04  9.9951110E-05  0.0000000E+00  0.0000000E+00
  LATERAL     0.0000000E+00  0.0000000E+00  0.0000000E+00  0.0000000E+00  0.0000000E+00  0.0000000E+00  0.0000000E+00  0.0000000E+00
  TILE        0.0000000E+00  0.0000000E+00  0.0000000E+00  0.0000000E+00  0.0000000E+00  0.0000000E+00  0.0000000E+00  0.0000000E+00
          ihru:                6          name: hru0006                area_ha:        1.005            precip:        952.6               lum: cosy_lum                   hsg: B                    surf_stor:                n            dr:                n
  TOTAL        328.3835      1.9159532E-03  1.4186166E-02  4.0062782E-03  2.1936014E-02  9.8515040E-05  0.0000000E+00  0.0000000E+00
  PERCO       0.0000000E+00  0.0000000E+00  0.0000000E+00  0.0000000E+00  0.0000000E+00  0.0000000E+00  0.0000000E+00  0.0000000E+00
  SURFACE      328.3835      1.9173982E-03  1.4219004E-02  4.0391162E-03  1.3135337E-04  9.8515040E-05  0.0000000E+00  0.0000000E+00
  LATERAL     0.0000000E+00  0.0000000E+00  0.0000000E+00  0.0000000E+00  0.0000000E+00  0.0000000E+00  0.0000000E+00  0.0000000E+00
  TILE        0.0000000E+00  0.0000000E+00  0.0000000E+00  0.0000000E+00  0.0000000E+00  0.0000000E+00  0.0000000E+00  0.0000000E+00
          ihru:                7          name: hru0007                area_ha:        1.005            precip:        952.6               lum: cosy_lum                   hsg: B                    surf_stor:                n            dr:                n
  TOTAL        302.5340      6.8578711E-03  6.1595924E-02  7.9263905E-03  1.2101360E-04  9.0760201E-05  0.0000000E+00  0.0000000E+00
  PERCO       0.0000000E+00  0.0000000E+00  0.0000000E+00  0.0000000E+00  0.0000000E+00  0.0000000E+00  0.0000000E+00  0.0000000E+00
  SURFACE      302.5340      6.8614711E-03  6.1626177E-02  7.9263905E-03  9.0760201E-05  9.0760201E-05  0.0000000E+00  0.0000000E+00
  LATERAL     0.0000000E+00  0.0000000E+00  0.0000000E+00  0.0000000E+00  0.0000000E+00  0.0000000E+00  0.0000000E+00  0.0000000E+00
  TILE        0.0000000E+00  0.0000000E+00  0.0000000E+00  0.0000000E+00  0.0000000E+00  0.0000000E+00  0.0000000E+00  0.0000000E+00
          ihru:                8          name: hru0008                area_ha:        1.005            precip:        952.6               lum: cosy_lum                   hsg: B                    surf_stor:                n            dr:                n
  TOTAL        254.6647      1.2777113E-02  0.1649972      1.0797783E-02  7.6399418E-05  7.6399418E-05  0.0000000E+00  0.0000000E+00
  PERCO       0.0000000E+00  0.0000000E+00  0.0000000E+00  0.0000000E+00  0.0000000E+00  0.0000000E+00  0.0000000E+00  0.0000000E+00
  SURFACE      253.7073      1.2740497E-02  0.1645038      1.0782560E-02  5.0741459E-05  7.6112199E-05  0.0000000E+00  0.0000000E+00
  LATERAL     0.0000000E+00  0.0000000E+00  0.0000000E+00  0.0000000E+00  0.0000000E+00  0.0000000E+00  0.0000000E+00  0.0000000E+00
  TILE        0.0000000E+00  0.0000000E+00  0.0000000E+00  0.0000000E+00  0.0000000E+00  0.0000000E+00  0.0000000E+00  0.0000000E+00
          ihru:                9          name: hru0009                area_ha:        1.005            precip:        952.6               lum: cosy_lum                   hsg: B                    surf_stor:                n            dr:                n
  TOTAL        326.4687      1.8275715E-03  1.2569043E-02  3.8523301E-03  2.2624278E-02  1.3058746E-04  0.0000000E+00  0.0000000E+00
  PERCO       0.0000000E+00  0.0000000E+00  0.0000000E+00  0.0000000E+00  0.0000000E+00  0.0000000E+00  0.0000000E+00  0.0000000E+00
  SURFACE      325.5113      1.8240677E-03  1.2532185E-02  3.8410334E-03  1.3020451E-04  1.3020451E-04  0.0000000E+00  0.0000000E+00
  LATERAL     0.0000000E+00  0.0000000E+00  0.0000000E+00  0.0000000E+00  0.0000000E+00  0.0000000E+00  0.0000000E+00  0.0000000E+00
  TILE        0.0000000E+00  0.0000000E+00  0.0000000E+00  0.0000000E+00  0.0000000E+00  0.0000000E+00  0.0000000E+00  0.0000000E+00
          ihru:               10          name: hru0010                area_ha:        1.005            precip:        952.6               lum: cosy_lum                   hsg: B                    surf_stor:                n            dr:                n
  TOTAL        301.5766      1.8956804E-03  1.4505833E-02  3.8300229E-03  1.9270744E-02  9.0472982E-05  0.0000000E+00  0.0000000E+00
  PERCO       0.0000000E+00  0.0000000E+00  0.0000000E+00  0.0000000E+00  0.0000000E+00  0.0000000E+00  0.0000000E+00  0.0000000E+00
  SURFACE      301.5766      1.8971581E-03  1.4535991E-02  3.8300229E-03  1.2063063E-04  9.0472982E-05  0.0000000E+00  0.0000000E+00
  LATERAL     0.0000000E+00  0.0000000E+00  0.0000000E+00  0.0000000E+00  0.0000000E+00  0.0000000E+00  0.0000000E+00  0.0000000E+00
  TILE        0.0000000E+00  0.0000000E+00  0.0000000E+00  0.0000000E+00  0.0000000E+00  0.0000000E+00  0.0000000E+00  0.0000000E+00
          ihru:               11          name: hru0011                area_ha:        1.005            precip:        952.6               lum: cosy_lum                   hsg: B                    surf_stor:                n            dr:                n
  TOTAL        265.1960      1.2069069E-03  7.5846044E-03  2.5193614E-03  0.1173492      1.0607838E-04  0.0000000E+00  0.0000000E+00
  PERCO       0.0000000E+00  0.0000000E+00  0.0000000E+00  0.0000000E+00  0.0000000E+00  0.0000000E+00  0.0000000E+00  0.0000000E+00
  SURFACE      264.2386      1.2062226E-03  7.5572226E-03  2.5102664E-03  1.3211928E-04  1.0569542E-04  0.0000000E+00  0.0000000E+00
  LATERAL     0.9573860      0.0000000E+00  0.0000000E+00  0.0000000E+00  0.1381169      0.0000000E+00  0.0000000E+00  0.0000000E+00
  TILE        0.0000000E+00  0.0000000E+00  0.0000000E+00  0.0000000E+00  0.0000000E+00  0.0000000E+00  0.0000000E+00  0.0000000E+00
          ihru:               12          name: hru0012                area_ha:        1.005            precip:        952.6               lum: cosy_lum                   hsg: B                    surf_stor:                n            dr:                n
  TOTAL        293.9175      1.7124222E-03  1.1727309E-02  3.3506595E-03  2.3866102E-02  8.8175257E-05  0.0000000E+00  0.0000000E+00
  PERCO       0.0000000E+00  0.0000000E+00  0.0000000E+00  0.0000000E+00  0.0000000E+00  0.0000000E+00  0.0000000E+00  0.0000000E+00
  SURFACE      293.9175      1.7147148E-03  1.1727309E-02  3.3506595E-03  1.1756700E-04  8.8175257E-05  0.0000000E+00  0.0000000E+00
  LATERAL     0.0000000E+00  0.0000000E+00  0.0000000E+00  0.0000000E+00  0.0000000E+00  0.0000000E+00  0.0000000E+00  0.0000000E+00
  TILE        0.0000000E+00  0.0000000E+00  0.0000000E+00  0.0000000E+00  0.0000000E+00  0.0000000E+00  0.0000000E+00  0.0000000E+00
